Mon Jun 12 2017 16:21:25 GMT-0400 (EDT): GET /
Mon Jun 12 2017 16:21:29 GMT-0400 (EDT): GET /about
Mon Jun 12 2017 16:27:05 GMT-0400 (EDT): GET /about
Mon Jun 12 2017 16:27:54 GMT-0400 (EDT): GET /about
Mon Jun 12 2017 16:30:38 GMT-0400 (EDT): GET /about
Mon Jun 12 2017 16:32:44 GMT-0400 (EDT): GET /about
Mon Jun 12 2017 16:44:23 GMT-0400 (EDT): GET /about
Tue Jun 13 2017 10:23:53 GMT-0400 (EDT): GET /
Tue Jun 13 2017 10:23:53 GMT-0400 (EDT): GET /img_avatar2.png
Tue Jun 13 2017 10:23:54 GMT-0400 (EDT): GET /img_avatar2.png
Tue Jun 13 2017 13:19:03 GMT-0400 (EDT): GET /action_page.php?uname=Conor+Artman&psw=hodor
Tue Jun 13 2017 13:19:03 GMT-0400 (EDT): GET /img_avatar2.png
Tue Jun 13 2017 13:19:04 GMT-0400 (EDT): GET /img_avatar2.png
Tue Jun 13 2017 13:19:25 GMT-0400 (EDT): GET /
Tue Jun 13 2017 13:19:25 GMT-0400 (EDT): GET /img_avatar2.png
Tue Jun 13 2017 13:19:26 GMT-0400 (EDT): GET /img_avatar2.png
Tue Jun 13 2017 14:46:25 GMT-0400 (EDT): GET /action_page.php?uname=uname&psw=psw
Tue Jun 13 2017 14:46:25 GMT-0400 (EDT): GET /img_avatar2.png
Tue Jun 13 2017 14:46:26 GMT-0400 (EDT): GET /img_avatar2.png
Tue Jun 13 2017 14:54:01 GMT-0400 (EDT): GET /action_page.php?uname=uname&psw=psw
Tue Jun 13 2017 14:55:00 GMT-0400 (EDT): GET /action_page.php?uname=uname&psw=psw
Tue Jun 13 2017 14:55:06 GMT-0400 (EDT): GET /
Tue Jun 13 2017 14:55:10 GMT-0400 (EDT): GET /about
Tue Jun 13 2017 14:55:11 GMT-0400 (EDT): GET /
Tue Jun 13 2017 14:55:13 GMT-0400 (EDT): GET /about
Tue Jun 13 2017 14:55:15 GMT-0400 (EDT): GET /
Tue Jun 13 2017 16:32:03 GMT-0400 (EDT): GET /
Tue Jun 13 2017 17:00:25 GMT-0400 (EDT): GET /
Tue Jun 13 2017 17:00:43 GMT-0400 (EDT): GET /
Tue Jun 13 2017 17:00:43 GMT-0400 (EDT): GET /img_avatar2.png
Tue Jun 13 2017 17:00:44 GMT-0400 (EDT): GET /img_avatar2.png
Tue Jun 13 2017 17:17:29 GMT-0400 (EDT): GET /
Tue Jun 13 2017 17:17:29 GMT-0400 (EDT): GET /img_avatar2.png
Tue Jun 13 2017 17:17:30 GMT-0400 (EDT): GET /img_avatar2.png
Thu Jun 15 2017 12:35:27 GMT-0400 (EDT): GET /
Thu Jun 15 2017 12:37:43 GMT-0400 (EDT): GET /
Thu Jun 15 2017 12:37:43 GMT-0400 (EDT): GET /img_avatar2.png
Thu Jun 15 2017 12:37:44 GMT-0400 (EDT): GET /img_avatar2.png
Thu Jun 15 2017 12:37:55 GMT-0400 (EDT): GET /action_page.php?uname=uname&psw=psw
Thu Jun 15 2017 12:37:55 GMT-0400 (EDT): GET /img_avatar2.png
Thu Jun 15 2017 12:37:56 GMT-0400 (EDT): GET /img_avatar2.png
Thu Jun 15 2017 12:38:46 GMT-0400 (EDT): GET /action_page.php?uname=uname&psw=psw
Thu Jun 15 2017 12:38:46 GMT-0400 (EDT): GET /img_avatar2.png
Thu Jun 15 2017 12:38:47 GMT-0400 (EDT): GET /img_avatar2.png
Thu Jun 15 2017 12:39:18 GMT-0400 (EDT): GET /action_page.php?uname=uname&psw=psw
Thu Jun 15 2017 12:42:13 GMT-0400 (EDT): GET /action_page.php?uname=uname&psw=psw
Thu Jun 15 2017 12:47:14 GMT-0400 (EDT): GET /action_page.php?uname=uname&psw=psw
Thu Jun 15 2017 13:16:52 GMT-0400 (EDT): GET /action_page.php?uname=uname&psw=psw
Fri Jun 16 2017 11:18:29 GMT-0400 (EDT): GET /
Fri Jun 16 2017 11:18:32 GMT-0400 (EDT): GET /
Fri Jun 16 2017 11:18:33 GMT-0400 (EDT): GET /about
Fri Jun 16 2017 11:19:33 GMT-0400 (EDT): GET /
Fri Jun 16 2017 11:19:33 GMT-0400 (EDT): GET /css/annotorious.css
Fri Jun 16 2017 11:19:33 GMT-0400 (EDT): GET /annotorious.min.js
Fri Jun 16 2017 11:19:34 GMT-0400 (EDT): GET /annotorious.min.js
Fri Jun 16 2017 11:19:36 GMT-0400 (EDT): GET /
Fri Jun 16 2017 11:19:36 GMT-0400 (EDT): GET /css/annotorious.css
Fri Jun 16 2017 11:19:36 GMT-0400 (EDT): GET /annotorious.min.js
Fri Jun 16 2017 11:21:12 GMT-0400 (EDT): GET /
Fri Jun 16 2017 11:21:12 GMT-0400 (EDT): GET /css/annotorious.css
Fri Jun 16 2017 11:21:12 GMT-0400 (EDT): GET /annotorious.min.js
Fri Jun 16 2017 11:21:12 GMT-0400 (EDT): GET /annotorious.min.js
Fri Jun 16 2017 11:21:22 GMT-0400 (EDT): GET /
Fri Jun 16 2017 11:21:22 GMT-0400 (EDT): GET /css/annotorious.css
Fri Jun 16 2017 11:21:22 GMT-0400 (EDT): GET /annotorious.min.js
Fri Jun 16 2017 11:42:09 GMT-0400 (EDT): GET /
Fri Jun 16 2017 11:42:10 GMT-0400 (EDT): GET /css/annotorious.css
Fri Jun 16 2017 11:42:10 GMT-0400 (EDT): GET /annotorious.min.js
Fri Jun 16 2017 11:42:10 GMT-0400 (EDT): GET /example.jpg
Fri Jun 16 2017 11:42:10 GMT-0400 (EDT): GET /annotorious.min.js
Fri Jun 16 2017 11:42:11 GMT-0400 (EDT): GET /example.jpg
Fri Jun 16 2017 11:55:18 GMT-0400 (EDT): GET /
Fri Jun 16 2017 11:55:18 GMT-0400 (EDT): GET /css/annotorious.css
Fri Jun 16 2017 11:55:18 GMT-0400 (EDT): GET /annotorious.min.js
Fri Jun 16 2017 11:55:18 GMT-0400 (EDT): GET /example.jpg
Fri Jun 16 2017 11:55:18 GMT-0400 (EDT): GET /annotorious.min.js
Fri Jun 16 2017 11:55:19 GMT-0400 (EDT): GET /example.jpg
Fri Jun 16 2017 11:55:21 GMT-0400 (EDT): GET /
Fri Jun 16 2017 11:55:21 GMT-0400 (EDT): GET /css/annotorious.css
Fri Jun 16 2017 11:55:21 GMT-0400 (EDT): GET /annotorious.min.js
Fri Jun 16 2017 11:55:21 GMT-0400 (EDT): GET /example.jpg
Mon Jun 19 2017 16:30:09 GMT-0400 (EDT): GET /
Mon Jun 19 2017 16:31:57 GMT-0400 (EDT): GET /
Mon Jun 19 2017 16:32:34 GMT-0400 (EDT): GET /
Mon Jun 19 2017 16:33:39 GMT-0400 (EDT): GET /
Mon Jun 19 2017 16:33:39 GMT-0400 (EDT): GET /img_avatar2.png
Mon Jun 19 2017 16:33:40 GMT-0400 (EDT): GET /img_avatar2.png
Mon Jun 19 2017 16:33:45 GMT-0400 (EDT): GET /action_page.php?uname=uname&psw=psw
Mon Jun 19 2017 16:33:45 GMT-0400 (EDT): GET /img_avatar2.png
Mon Jun 19 2017 16:34:11 GMT-0400 (EDT): GET /action_page.php?uname=uname&psw=psw
Mon Jun 19 2017 16:34:12 GMT-0400 (EDT): GET /img_avatar2.png
Mon Jun 19 2017 16:34:12 GMT-0400 (EDT): GET /img_avatar2.png
Mon Jun 19 2017 16:35:56 GMT-0400 (EDT): GET /action_page.php?uname=uname&psw=psw
Mon Jun 19 2017 16:37:29 GMT-0400 (EDT): GET /action_page.php?uname=uname&psw=psw
Mon Jun 19 2017 16:41:09 GMT-0400 (EDT): GET /action_page.php?uname=uname&psw=psw
Mon Jun 19 2017 16:42:21 GMT-0400 (EDT): GET /action_page.php?uname=uname&psw=psw
Mon Jun 19 2017 16:47:29 GMT-0400 (EDT): GET /action_page.php?uname=uname&psw=psw
Mon Jun 19 2017 16:50:20 GMT-0400 (EDT): GET /action_page.php?uname=uname&psw=psw
Mon Jun 19 2017 17:16:45 GMT-0400 (EDT): GET /
Mon Jun 19 2017 17:16:45 GMT-0400 (EDT): GET /img_avatar2.png
Mon Jun 19 2017 17:16:46 GMT-0400 (EDT): GET /img_avatar2.png
Mon Jun 19 2017 17:28:34 GMT-0400 (EDT): GET /
Mon Jun 19 2017 17:30:54 GMT-0400 (EDT): GET /
Mon Jun 19 2017 17:30:55 GMT-0400 (EDT): GET /highlight.js/zenburn.css
Mon Jun 19 2017 17:30:55 GMT-0400 (EDT): GET /css/theme-dark/annotorious-dark.css
Mon Jun 19 2017 17:30:55 GMT-0400 (EDT): GET /highlight.js/highlight.pack.js
Mon Jun 19 2017 17:30:55 GMT-0400 (EDT): GET /annotorious.min.js
Mon Jun 19 2017 17:30:55 GMT-0400 (EDT): GET /640px-Hallstatt.jpg
Mon Jun 19 2017 17:30:55 GMT-0400 (EDT): GET /css/theme-dark/annotorious-dark.css
Mon Jun 19 2017 17:30:55 GMT-0400 (EDT): GET /highlight.js/highlight.pack.js
Mon Jun 19 2017 17:30:56 GMT-0400 (EDT): GET /annotorious.min.js
Mon Jun 19 2017 17:30:56 GMT-0400 (EDT): GET /640px-Hallstatt.jpg
Tue Jun 20 2017 21:13:24 GMT-0400 (EDT): GET /
Tue Jun 20 2017 21:13:24 GMT-0400 (EDT): GET /highlight.js/zenburn.css
Tue Jun 20 2017 21:13:24 GMT-0400 (EDT): GET /annotorious.min.js
Tue Jun 20 2017 21:13:24 GMT-0400 (EDT): GET /css/theme-dark/annotorious-dark.css
Tue Jun 20 2017 21:13:24 GMT-0400 (EDT): GET /highlight.js/highlight.pack.js
Tue Jun 20 2017 21:13:24 GMT-0400 (EDT): GET /640px-Hallstatt.jpg
Tue Jun 20 2017 21:13:25 GMT-0400 (EDT): GET /css/theme-dark/annotorious-dark.css
Tue Jun 20 2017 21:13:25 GMT-0400 (EDT): GET /highlight.js/highlight.pack.js
Tue Jun 20 2017 21:13:26 GMT-0400 (EDT): GET /annotorious.min.js
Tue Jun 20 2017 21:13:26 GMT-0400 (EDT): GET /640px-Hallstatt.jpg
Tue Jun 20 2017 21:17:36 GMT-0400 (EDT): GET /
Tue Jun 20 2017 21:17:36 GMT-0400 (EDT): GET /css/annotorious.css
Tue Jun 20 2017 21:17:36 GMT-0400 (EDT): GET /annotorious.min.js
Tue Jun 20 2017 21:17:36 GMT-0400 (EDT): GET /highlight.js/zenburn.css
Tue Jun 20 2017 21:17:36 GMT-0400 (EDT): GET /css/theme-dark/annotorious-dark.css
Tue Jun 20 2017 21:17:36 GMT-0400 (EDT): GET /highlight.js/highlight.pack.js
Tue Jun 20 2017 21:17:36 GMT-0400 (EDT): GET /640px-Hallstatt.jpg
Tue Jun 20 2017 21:17:36 GMT-0400 (EDT): GET /annotorious.min.js
Tue Jun 20 2017 21:17:36 GMT-0400 (EDT): GET /highlight.js/zenburn.css
Tue Jun 20 2017 21:17:36 GMT-0400 (EDT): GET /css/theme-dark/annotorious-dark.css
Tue Jun 20 2017 21:17:36 GMT-0400 (EDT): GET /highlight.js/highlight.pack.js
Tue Jun 20 2017 21:17:37 GMT-0400 (EDT): GET /annotorious.min.js
Tue Jun 20 2017 21:17:37 GMT-0400 (EDT): GET /640px-Hallstatt.jpg
Tue Jun 20 2017 21:21:16 GMT-0400 (EDT): GET /
Tue Jun 20 2017 21:21:16 GMT-0400 (EDT): GET /640px-Hallstatt.jpg
Tue Jun 20 2017 21:21:17 GMT-0400 (EDT): GET /640px-Hallstatt.jpg
Tue Jun 20 2017 21:26:37 GMT-0400 (EDT): GET /
Tue Jun 20 2017 21:26:37 GMT-0400 (EDT): GET /640px-Hallstatt.jpg
Tue Jun 20 2017 21:26:38 GMT-0400 (EDT): GET /640px-Hallstatt.jpg
Tue Jun 20 2017 21:27:34 GMT-0400 (EDT): GET /
Tue Jun 20 2017 21:27:34 GMT-0400 (EDT): GET /640px-Hallstatt.jpg
Tue Jun 20 2017 21:27:35 GMT-0400 (EDT): GET /640px-Hallstatt.jpg
Tue Jun 20 2017 21:30:32 GMT-0400 (EDT): GET /
Tue Jun 20 2017 21:31:02 GMT-0400 (EDT): GET /
Tue Jun 20 2017 21:31:34 GMT-0400 (EDT): GET /
Tue Jun 20 2017 21:31:42 GMT-0400 (EDT): GET /
Tue Jun 20 2017 21:31:42 GMT-0400 (EDT): GET /highlight.js/zenburn.css
Tue Jun 20 2017 21:31:43 GMT-0400 (EDT): GET /css/theme-dark/annotorious-dark.css
Tue Jun 20 2017 21:31:43 GMT-0400 (EDT): GET /highlight.js/highlight.pack.js
Tue Jun 20 2017 21:31:43 GMT-0400 (EDT): GET /annotorious.min.js
Tue Jun 20 2017 21:31:43 GMT-0400 (EDT): GET /640px-Hallstatt.jpg
Tue Jun 20 2017 21:34:19 GMT-0400 (EDT): GET /
Tue Jun 20 2017 21:34:19 GMT-0400 (EDT): GET /highlight.js/zenburn.css
Tue Jun 20 2017 21:34:19 GMT-0400 (EDT): GET /css/theme-dark/annotorious-dark.css
Tue Jun 20 2017 21:34:19 GMT-0400 (EDT): GET /highlight.js/highlight.pack.js
Tue Jun 20 2017 21:34:19 GMT-0400 (EDT): GET /annotorious.min.js
Tue Jun 20 2017 21:34:20 GMT-0400 (EDT): GET /640px-Hallstatt.jpg
Tue Jun 20 2017 21:34:20 GMT-0400 (EDT): GET /css/theme-dark/annotorious-dark.css
Tue Jun 20 2017 21:34:20 GMT-0400 (EDT): GET /annotorious.min.js
Tue Jun 20 2017 21:38:52 GMT-0400 (EDT): GET /
Tue Jun 20 2017 21:39:17 GMT-0400 (EDT): GET /
Tue Jun 20 2017 21:39:46 GMT-0400 (EDT): GET /
Tue Jun 20 2017 21:39:46 GMT-0400 (EDT): GET /highlight.js/zenburn.css
Tue Jun 20 2017 21:39:46 GMT-0400 (EDT): GET /css/theme-dark/annotorious-dark.css
Tue Jun 20 2017 21:39:46 GMT-0400 (EDT): GET /highlight.js/highlight.pack.js
Tue Jun 20 2017 21:39:46 GMT-0400 (EDT): GET /annotorious.min.js
Tue Jun 20 2017 21:39:47 GMT-0400 (EDT): GET /640px-Hallstatt.jpg
Tue Jun 20 2017 21:39:47 GMT-0400 (EDT): GET /css/theme-dark/annotorious-dark.css
Tue Jun 20 2017 21:39:47 GMT-0400 (EDT): GET /annotorious.min.js
Tue Jun 20 2017 21:42:18 GMT-0400 (EDT): GET /
Tue Jun 20 2017 21:42:18 GMT-0400 (EDT): GET /highlight.js/zenburn.css
Tue Jun 20 2017 21:42:18 GMT-0400 (EDT): GET /css/theme-dark/annotorious-dark.css
Tue Jun 20 2017 21:42:18 GMT-0400 (EDT): GET /highlight.js/highlight.pack.js
Tue Jun 20 2017 21:42:18 GMT-0400 (EDT): GET /annotorious.min.js
Tue Jun 20 2017 21:42:18 GMT-0400 (EDT): GET /640px-Hallstatt.jpg
Tue Jun 20 2017 21:42:19 GMT-0400 (EDT): GET /css/theme-dark/annotorious-dark.css
Tue Jun 20 2017 21:42:19 GMT-0400 (EDT): GET /annotorious.min.js
Tue Jun 20 2017 21:43:28 GMT-0400 (EDT): GET /
Tue Jun 20 2017 21:43:28 GMT-0400 (EDT): GET /highlight.js/zenburn.css
Tue Jun 20 2017 21:43:28 GMT-0400 (EDT): GET /css/theme-dark/annotorious-dark.css
Tue Jun 20 2017 21:43:28 GMT-0400 (EDT): GET /highlight.js/highlight.pack.js
Tue Jun 20 2017 21:43:28 GMT-0400 (EDT): GET /annotorious.min.js
Tue Jun 20 2017 21:43:28 GMT-0400 (EDT): GET /640px-Hallstatt.jpg
Tue Jun 20 2017 21:43:29 GMT-0400 (EDT): GET /css/theme-dark/annotorious-dark.css
Tue Jun 20 2017 21:43:29 GMT-0400 (EDT): GET /annotorious.min.js
Tue Jun 20 2017 21:43:34 GMT-0400 (EDT): GET /
Tue Jun 20 2017 21:43:34 GMT-0400 (EDT): GET /highlight.js/zenburn.css
Tue Jun 20 2017 21:43:34 GMT-0400 (EDT): GET /css/theme-dark/annotorious-dark.css
Tue Jun 20 2017 21:43:34 GMT-0400 (EDT): GET /highlight.js/highlight.pack.js
Tue Jun 20 2017 21:43:34 GMT-0400 (EDT): GET /annotorious.min.js
Tue Jun 20 2017 21:43:34 GMT-0400 (EDT): GET /640px-Hallstatt.jpg
Tue Jun 20 2017 21:44:46 GMT-0400 (EDT): GET /
Tue Jun 20 2017 21:44:46 GMT-0400 (EDT): GET /highlight.js/zenburn.css
Tue Jun 20 2017 21:44:46 GMT-0400 (EDT): GET /css/theme-dark/annotorious-dark.css
Tue Jun 20 2017 21:44:46 GMT-0400 (EDT): GET /highlight.js/highlight.pack.js
Tue Jun 20 2017 21:44:46 GMT-0400 (EDT): GET /annotorious.min.js
Tue Jun 20 2017 21:44:46 GMT-0400 (EDT): GET /640px-Hallstatt.jpg
Tue Jun 20 2017 21:44:46 GMT-0400 (EDT): GET /highlight.js/highlight.pack.js
Tue Jun 20 2017 21:44:47 GMT-0400 (EDT): GET /640px-Hallstatt.jpg
Tue Jun 20 2017 21:44:47 GMT-0400 (EDT): GET /css/theme-dark/DarkSprite.png
Tue Jun 20 2017 21:44:47 GMT-0400 (EDT): GET /css/theme-dark/Indicator.png
Tue Jun 20 2017 21:44:47 GMT-0400 (EDT): GET /css/theme-dark/feather_icon.png
Tue Jun 20 2017 21:46:19 GMT-0400 (EDT): GET /
Tue Jun 20 2017 21:46:19 GMT-0400 (EDT): GET /highlight.js/zenburn.css
Tue Jun 20 2017 21:46:19 GMT-0400 (EDT): GET /css/theme-dark/annotorious-dark.css
Tue Jun 20 2017 21:46:19 GMT-0400 (EDT): GET /highlight.js/highlight.pack.js
Tue Jun 20 2017 21:46:19 GMT-0400 (EDT): GET /annotorious.min.js
Tue Jun 20 2017 21:46:19 GMT-0400 (EDT): GET /640px-Hallstatt.jpg
Tue Jun 20 2017 21:46:19 GMT-0400 (EDT): GET /highlight.js/highlight.pack.js
Tue Jun 20 2017 21:46:20 GMT-0400 (EDT): GET /css/theme-dark/DarkSprite.png
Tue Jun 20 2017 21:46:20 GMT-0400 (EDT): GET /css/theme-dark/Indicator.png
Tue Jun 20 2017 21:46:20 GMT-0400 (EDT): GET /css/theme-dark/feather_icon.png
Tue Jun 20 2017 21:50:08 GMT-0400 (EDT): GET /
Tue Jun 20 2017 21:50:08 GMT-0400 (EDT): GET /highlight.js/zenburn.css
Tue Jun 20 2017 21:50:08 GMT-0400 (EDT): GET /css/theme-dark/annotorious-dark.css
Tue Jun 20 2017 21:50:08 GMT-0400 (EDT): GET /highlight.js/highlight.pack.js
Tue Jun 20 2017 21:50:08 GMT-0400 (EDT): GET /annotorious.min.js
Tue Jun 20 2017 21:50:08 GMT-0400 (EDT): GET /640px-Hallstatt.jpg
Tue Jun 20 2017 21:50:08 GMT-0400 (EDT): GET /highlight.js/highlight.pack.js
Tue Jun 20 2017 21:50:09 GMT-0400 (EDT): GET /css/theme-dark/DarkSprite.png
Tue Jun 20 2017 21:50:09 GMT-0400 (EDT): GET /css/theme-dark/Indicator.png
Tue Jun 20 2017 21:50:09 GMT-0400 (EDT): GET /css/theme-dark/feather_icon.png
Tue Jun 20 2017 21:50:43 GMT-0400 (EDT): GET /
Tue Jun 20 2017 21:50:43 GMT-0400 (EDT): GET /highlight.js/zenburn.css
Tue Jun 20 2017 21:50:43 GMT-0400 (EDT): GET /css/theme-dark/annotorious-dark.css
Tue Jun 20 2017 21:50:43 GMT-0400 (EDT): GET /highlight.js/highlight.pack.js
Tue Jun 20 2017 21:50:43 GMT-0400 (EDT): GET /annotorious.min.js
Tue Jun 20 2017 21:50:43 GMT-0400 (EDT): GET /640px-Hallstatt.jpg
Tue Jun 20 2017 21:50:44 GMT-0400 (EDT): GET /highlight.js/highlight.pack.js
Tue Jun 20 2017 21:50:44 GMT-0400 (EDT): GET /css/theme-dark/DarkSprite.png
Tue Jun 20 2017 21:50:44 GMT-0400 (EDT): GET /css/theme-dark/Indicator.png
Tue Jun 20 2017 21:50:44 GMT-0400 (EDT): GET /css/theme-dark/feather_icon.png
Tue Jun 20 2017 21:51:34 GMT-0400 (EDT): GET /
Tue Jun 20 2017 21:51:34 GMT-0400 (EDT): GET /highlight.js/zenburn.css
Tue Jun 20 2017 21:51:34 GMT-0400 (EDT): GET /css/theme-dark/annotorious-dark.css
Tue Jun 20 2017 21:51:34 GMT-0400 (EDT): GET /highlight.js/highlight.pack.js
Tue Jun 20 2017 21:51:34 GMT-0400 (EDT): GET /annotorious.min.js
Tue Jun 20 2017 21:51:34 GMT-0400 (EDT): GET /640px-Hallstatt.jpg
Tue Jun 20 2017 21:51:34 GMT-0400 (EDT): GET /highlight.js/highlight.pack.js
Tue Jun 20 2017 21:51:35 GMT-0400 (EDT): GET /css/theme-dark/DarkSprite.png
Tue Jun 20 2017 21:51:35 GMT-0400 (EDT): GET /css/theme-dark/Indicator.png
Tue Jun 20 2017 21:51:35 GMT-0400 (EDT): GET /css/theme-dark/feather_icon.png
Tue Jun 20 2017 21:52:29 GMT-0400 (EDT): GET /
Tue Jun 20 2017 21:52:29 GMT-0400 (EDT): GET /highlight.js/zenburn.css
Tue Jun 20 2017 21:52:29 GMT-0400 (EDT): GET /css/theme-dark/annotorious-dark.css
Tue Jun 20 2017 21:52:29 GMT-0400 (EDT): GET /annotorious.min.js
Tue Jun 20 2017 21:52:29 GMT-0400 (EDT): GET /highlight.js/highlight.pack.js
Tue Jun 20 2017 21:52:29 GMT-0400 (EDT): GET /640px-Hallstatt.jpg
Tue Jun 20 2017 21:52:30 GMT-0400 (EDT): GET /highlight.js/highlight.pack.js
Tue Jun 20 2017 21:52:30 GMT-0400 (EDT): GET /css/theme-dark/DarkSprite.png
Tue Jun 20 2017 21:52:30 GMT-0400 (EDT): GET /css/theme-dark/Indicator.png
Tue Jun 20 2017 21:52:30 GMT-0400 (EDT): GET /css/theme-dark/feather_icon.png
Tue Jun 20 2017 21:53:14 GMT-0400 (EDT): GET /
Tue Jun 20 2017 21:53:14 GMT-0400 (EDT): GET /highlight.js/zenburn.css
Tue Jun 20 2017 21:53:14 GMT-0400 (EDT): GET /css/theme-dark/annotorious-dark.css
Tue Jun 20 2017 21:53:14 GMT-0400 (EDT): GET /highlight.js/highlight.pack.js
Tue Jun 20 2017 21:53:14 GMT-0400 (EDT): GET /annotorious.min.js
Tue Jun 20 2017 21:53:14 GMT-0400 (EDT): GET /640px-Hallstatt.jpg
Tue Jun 20 2017 21:53:14 GMT-0400 (EDT): GET /highlight.js/highlight.pack.js
Tue Jun 20 2017 21:53:15 GMT-0400 (EDT): GET /css/theme-dark/DarkSprite.png
Tue Jun 20 2017 21:53:15 GMT-0400 (EDT): GET /css/theme-dark/Indicator.png
Tue Jun 20 2017 21:53:15 GMT-0400 (EDT): GET /css/theme-dark/feather_icon.png
Tue Jun 20 2017 21:53:40 GMT-0400 (EDT): GET /
Tue Jun 20 2017 21:53:40 GMT-0400 (EDT): GET /highlight.js/zenburn.css
Tue Jun 20 2017 21:53:40 GMT-0400 (EDT): GET /css/theme-dark/annotorious-dark.css
Tue Jun 20 2017 21:53:40 GMT-0400 (EDT): GET /highlight.js/highlight.pack.js
Tue Jun 20 2017 21:53:40 GMT-0400 (EDT): GET /annotorious.min.js
Tue Jun 20 2017 21:53:40 GMT-0400 (EDT): GET /640px-Hallstatt.jpg
Tue Jun 20 2017 21:53:41 GMT-0400 (EDT): GET /highlight.js/highlight.pack.js
Tue Jun 20 2017 21:53:41 GMT-0400 (EDT): GET /css/theme-dark/DarkSprite.png
Tue Jun 20 2017 21:53:41 GMT-0400 (EDT): GET /css/theme-dark/Indicator.png
Tue Jun 20 2017 21:53:41 GMT-0400 (EDT): GET /css/theme-dark/feather_icon.png
Wed Jun 21 2017 11:16:48 GMT-0400 (EDT): GET /
Wed Jun 21 2017 11:16:48 GMT-0400 (EDT): GET /css/theme-dark/annotorious-dark.css
Wed Jun 21 2017 11:16:48 GMT-0400 (EDT): GET /highlight.js/zenburn.css
Wed Jun 21 2017 11:16:48 GMT-0400 (EDT): GET /highlight.js/highlight.pack.js
Wed Jun 21 2017 11:16:48 GMT-0400 (EDT): GET /annotorious.min.js
Wed Jun 21 2017 11:16:48 GMT-0400 (EDT): GET /640px-Hallstatt.jpg
Wed Jun 21 2017 11:16:49 GMT-0400 (EDT): GET /highlight.js/highlight.pack.js
Wed Jun 21 2017 11:16:49 GMT-0400 (EDT): GET /640px-Hallstatt.jpg
Wed Jun 21 2017 11:16:49 GMT-0400 (EDT): GET /css/theme-dark/DarkSprite.png
Wed Jun 21 2017 11:16:49 GMT-0400 (EDT): GET /css/theme-dark/Indicator.png
Wed Jun 21 2017 11:16:49 GMT-0400 (EDT): GET /css/theme-dark/feather_icon.png
Wed Jun 21 2017 11:18:12 GMT-0400 (EDT): GET /
Wed Jun 21 2017 11:18:12 GMT-0400 (EDT): GET /highlight.js/zenburn.css
Wed Jun 21 2017 11:18:12 GMT-0400 (EDT): GET /css/theme-dark/annotorious-dark.css
Wed Jun 21 2017 11:18:12 GMT-0400 (EDT): GET /highlight.js/highlight.pack.js
Wed Jun 21 2017 11:18:12 GMT-0400 (EDT): GET /annotorious.min.js
Wed Jun 21 2017 11:18:12 GMT-0400 (EDT): GET /640px-Hallstatt.jpg
Wed Jun 21 2017 11:18:12 GMT-0400 (EDT): GET /highlight.js/highlight.pack.js
Wed Jun 21 2017 11:18:13 GMT-0400 (EDT): GET /css/theme-dark/DarkSprite.png
Wed Jun 21 2017 11:18:13 GMT-0400 (EDT): GET /css/theme-dark/Indicator.png
Wed Jun 21 2017 11:18:13 GMT-0400 (EDT): GET /css/theme-dark/feather_icon.png
Thu Jun 22 2017 12:42:13 GMT-0400 (EDT): GET /
Thu Jun 22 2017 12:42:13 GMT-0400 (EDT): GET /highlight.js/zenburn.css
Thu Jun 22 2017 12:42:13 GMT-0400 (EDT): GET /highlight.js/highlight.pack.js
Thu Jun 22 2017 12:42:13 GMT-0400 (EDT): GET /annotorious.min.js
Thu Jun 22 2017 12:42:14 GMT-0400 (EDT): GET /css/theme-dark/annotorious-dark.css
Thu Jun 22 2017 12:42:14 GMT-0400 (EDT): GET /640px-Hallstatt.jpg
Thu Jun 22 2017 12:42:14 GMT-0400 (EDT): GET /css/theme-dark/DarkSprite.png
Thu Jun 22 2017 12:42:14 GMT-0400 (EDT): GET /css/theme-dark/Indicator.png
Thu Jun 22 2017 12:42:14 GMT-0400 (EDT): GET /css/theme-dark/feather_icon.png
Thu Jun 22 2017 12:42:14 GMT-0400 (EDT): GET /favicon.ico
Thu Jun 22 2017 14:15:54 GMT-0400 (EDT): GET /
Thu Jun 22 2017 14:15:54 GMT-0400 (EDT): GET /css/theme-dark/feather_icon.png
Thu Jun 22 2017 14:15:54 GMT-0400 (EDT): GET /css/theme-dark/Indicator.png
Thu Jun 22 2017 14:15:54 GMT-0400 (EDT): GET /annotorious.min.js
Thu Jun 22 2017 14:15:54 GMT-0400 (EDT): GET /css/theme-dark/DarkSprite.png
Thu Jun 22 2017 14:15:54 GMT-0400 (EDT): GET /css/theme-dark/annotorious-dark.css
Thu Jun 22 2017 14:15:54 GMT-0400 (EDT): GET /640px-Hallstatt.jpg
Thu Jun 22 2017 14:15:54 GMT-0400 (EDT): GET /highlight.js/zenburn.css
Thu Jun 22 2017 14:15:54 GMT-0400 (EDT): GET /highlight.js/highlight.pack.js
Thu Jun 22 2017 14:15:54 GMT-0400 (EDT): GET /
Thu Jun 22 2017 14:15:54 GMT-0400 (EDT): GET /css/theme-dark/feather_icon.png
Thu Jun 22 2017 14:15:54 GMT-0400 (EDT): GET /annotorious.min.js
Thu Jun 22 2017 14:15:54 GMT-0400 (EDT): GET /640px-Hallstatt.jpg
Thu Jun 22 2017 14:15:54 GMT-0400 (EDT): GET /css/theme-dark/Indicator.png
Thu Jun 22 2017 14:15:54 GMT-0400 (EDT): GET /css/theme-dark/annotorious-dark.css
Thu Jun 22 2017 14:15:54 GMT-0400 (EDT): GET /css/theme-dark/DarkSprite.png
Thu Jun 22 2017 14:15:54 GMT-0400 (EDT): GET /highlight.js/zenburn.css
Thu Jun 22 2017 14:15:54 GMT-0400 (EDT): GET /highlight.js/highlight.pack.js
Thu Jun 22 2017 14:16:38 GMT-0400 (EDT): GET /css/theme-dark/DarkSprite.png
Thu Jun 22 2017 14:23:09 GMT-0400 (EDT): GET /
Thu Jun 22 2017 14:23:09 GMT-0400 (EDT): GET /annotorious.min.js
Thu Jun 22 2017 14:23:09 GMT-0400 (EDT): GET /640px-Hallstatt.jpg
Thu Jun 22 2017 14:23:09 GMT-0400 (EDT): GET /css/theme-dark/annotorious-dark.css
Thu Jun 22 2017 14:23:09 GMT-0400 (EDT): GET /css/theme-dark/Indicator.png
Thu Jun 22 2017 14:23:09 GMT-0400 (EDT): GET /css/theme-dark/feather_icon.png
Thu Jun 22 2017 14:23:09 GMT-0400 (EDT): GET /css/theme-dark/DarkSprite.png
Thu Jun 22 2017 14:23:09 GMT-0400 (EDT): GET /highlight.js/zenburn.css
Thu Jun 22 2017 14:23:09 GMT-0400 (EDT): GET /highlight.js/highlight.pack.js
Thu Jun 22 2017 14:23:09 GMT-0400 (EDT): GET /css/theme-dark/annotorious-dark.css
Thu Jun 22 2017 14:23:09 GMT-0400 (EDT): GET /annotorious.min.js
Thu Jun 22 2017 14:23:09 GMT-0400 (EDT): GET /640px-Hallstatt.jpg
Thu Jun 22 2017 14:23:09 GMT-0400 (EDT): GET /css/theme-dark/DarkSprite.png
Thu Jun 22 2017 14:23:09 GMT-0400 (EDT): GET /css/theme-dark/Indicator.png
Thu Jun 22 2017 14:23:09 GMT-0400 (EDT): GET /css/theme-dark/feather_icon.png
Thu Jun 22 2017 14:31:14 GMT-0400 (EDT): GET /
Thu Jun 22 2017 14:31:14 GMT-0400 (EDT): GET /css/annotorious.css
Thu Jun 22 2017 14:31:14 GMT-0400 (EDT): GET /annotorious.min.js
Thu Jun 22 2017 14:31:14 GMT-0400 (EDT): GET /example.jpg
Thu Jun 22 2017 14:31:14 GMT-0400 (EDT): GET /css/pencil.png
Thu Jun 22 2017 14:31:14 GMT-0400 (EDT): GET /css/delete.png
Thu Jun 22 2017 14:31:14 GMT-0400 (EDT): GET /css/feather_icon.png
Thu Jun 22 2017 14:35:24 GMT-0400 (EDT): GET /
Thu Jun 22 2017 14:35:24 GMT-0400 (EDT): GET /css/annotorious.css
Thu Jun 22 2017 14:35:24 GMT-0400 (EDT): GET /annotorious.min.js
Thu Jun 22 2017 14:35:24 GMT-0400 (EDT): GET /example.jpg
Thu Jun 22 2017 14:35:24 GMT-0400 (EDT): GET /css/pencil.png
Thu Jun 22 2017 14:35:24 GMT-0400 (EDT): GET /css/delete.png
Thu Jun 22 2017 14:35:24 GMT-0400 (EDT): GET /css/feather_icon.png
Thu Jun 22 2017 14:35:26 GMT-0400 (EDT): GET /
Thu Jun 22 2017 14:35:26 GMT-0400 (EDT): GET /css/annotorious.css
Thu Jun 22 2017 14:35:26 GMT-0400 (EDT): GET /annotorious.min.js
Thu Jun 22 2017 14:35:26 GMT-0400 (EDT): GET /example.jpg
Thu Jun 22 2017 14:35:26 GMT-0400 (EDT): GET /css/pencil.png
Thu Jun 22 2017 14:35:26 GMT-0400 (EDT): GET /css/delete.png
Thu Jun 22 2017 14:35:26 GMT-0400 (EDT): GET /css/feather_icon.png
Thu Jun 22 2017 14:41:02 GMT-0400 (EDT): GET /
Thu Jun 22 2017 14:41:02 GMT-0400 (EDT): GET /css/annotorious.css
Thu Jun 22 2017 14:41:02 GMT-0400 (EDT): GET /annotorious.min.js
Thu Jun 22 2017 14:41:02 GMT-0400 (EDT): GET /example.jpg
Thu Jun 22 2017 14:41:02 GMT-0400 (EDT): GET /css/pencil.png
Thu Jun 22 2017 14:41:02 GMT-0400 (EDT): GET /css/delete.png
Thu Jun 22 2017 14:41:02 GMT-0400 (EDT): GET /css/feather_icon.png
Thu Jun 22 2017 14:41:03 GMT-0400 (EDT): GET /
Thu Jun 22 2017 14:41:03 GMT-0400 (EDT): GET /css/annotorious.css
Thu Jun 22 2017 14:41:03 GMT-0400 (EDT): GET /annotorious.min.js
Thu Jun 22 2017 14:41:03 GMT-0400 (EDT): GET /example.jpg
Thu Jun 22 2017 14:41:03 GMT-0400 (EDT): GET /css/pencil.png
Thu Jun 22 2017 14:41:03 GMT-0400 (EDT): GET /css/delete.png
Thu Jun 22 2017 14:41:03 GMT-0400 (EDT): GET /css/feather_icon.png
Thu Jun 22 2017 14:41:03 GMT-0400 (EDT): GET /
Thu Jun 22 2017 14:41:03 GMT-0400 (EDT): GET /css/annotorious.css
Thu Jun 22 2017 14:41:03 GMT-0400 (EDT): GET /annotorious.min.js
Thu Jun 22 2017 14:41:03 GMT-0400 (EDT): GET /example.jpg
Thu Jun 22 2017 14:41:03 GMT-0400 (EDT): GET /css/pencil.png
Thu Jun 22 2017 14:41:03 GMT-0400 (EDT): GET /css/delete.png
Thu Jun 22 2017 14:41:03 GMT-0400 (EDT): GET /css/feather_icon.png
Thu Jun 22 2017 14:41:07 GMT-0400 (EDT): GET /
Thu Jun 22 2017 14:41:07 GMT-0400 (EDT): GET /css/annotorious.css
Thu Jun 22 2017 14:41:07 GMT-0400 (EDT): GET /annotorious.min.js
Thu Jun 22 2017 14:41:07 GMT-0400 (EDT): GET /example.jpg
Thu Jun 22 2017 14:41:07 GMT-0400 (EDT): GET /css/pencil.png
Thu Jun 22 2017 14:41:07 GMT-0400 (EDT): GET /css/delete.png
Thu Jun 22 2017 14:41:07 GMT-0400 (EDT): GET /css/feather_icon.png
Thu Jun 22 2017 14:41:29 GMT-0400 (EDT): GET /
Thu Jun 22 2017 14:41:29 GMT-0400 (EDT): GET /css/annotorious.css
Thu Jun 22 2017 14:41:29 GMT-0400 (EDT): GET /annotorious.min.js
Thu Jun 22 2017 14:41:29 GMT-0400 (EDT): GET /example.jpg
Thu Jun 22 2017 14:41:29 GMT-0400 (EDT): GET /example.jpg
Thu Jun 22 2017 14:41:29 GMT-0400 (EDT): GET /css/pencil.png
Thu Jun 22 2017 14:41:29 GMT-0400 (EDT): GET /css/delete.png
Thu Jun 22 2017 14:41:29 GMT-0400 (EDT): GET /css/feather_icon.png
Thu Jun 22 2017 14:41:29 GMT-0400 (EDT): GET /favicon.ico
Thu Jun 22 2017 14:41:35 GMT-0400 (EDT): GET /css/annotorious.css
Thu Jun 22 2017 14:46:23 GMT-0400 (EDT): GET /
Thu Jun 22 2017 14:46:23 GMT-0400 (EDT): GET /css/annotorious.css
Thu Jun 22 2017 14:46:23 GMT-0400 (EDT): GET /annotorious.min.js
Thu Jun 22 2017 14:46:23 GMT-0400 (EDT): GET /images/lake.jpg
Thu Jun 22 2017 14:46:23 GMT-0400 (EDT): GET /css/pencil.png
Thu Jun 22 2017 14:46:23 GMT-0400 (EDT): GET /css/delete.png
Thu Jun 22 2017 14:46:23 GMT-0400 (EDT): GET /css/feather_icon.png
Thu Jun 22 2017 14:47:22 GMT-0400 (EDT): GET /
Thu Jun 22 2017 14:47:22 GMT-0400 (EDT): GET /css/annotorious.css
Thu Jun 22 2017 14:47:22 GMT-0400 (EDT): GET /annotorious.min.js
Thu Jun 22 2017 14:47:22 GMT-0400 (EDT): GET /images/lake.jpg
Thu Jun 22 2017 14:47:22 GMT-0400 (EDT): GET /css/pencil.png
Thu Jun 22 2017 14:47:22 GMT-0400 (EDT): GET /css/delete.png
Thu Jun 22 2017 14:47:22 GMT-0400 (EDT): GET /css/feather_icon.png
Thu Jun 22 2017 14:47:44 GMT-0400 (EDT): GET /css/annotorious.css
Thu Jun 22 2017 14:51:01 GMT-0400 (EDT): GET /
Thu Jun 22 2017 14:51:01 GMT-0400 (EDT): GET /css/annotorious.css
Thu Jun 22 2017 14:51:01 GMT-0400 (EDT): GET /annotorious.min.js
Thu Jun 22 2017 14:51:01 GMT-0400 (EDT): GET /images/lake.jpg
Thu Jun 22 2017 14:51:01 GMT-0400 (EDT): GET /css/delete.png
Thu Jun 22 2017 14:51:01 GMT-0400 (EDT): GET /css/pencil.png
Thu Jun 22 2017 14:51:01 GMT-0400 (EDT): GET /css/feather_icon.png
Thu Jun 22 2017 14:52:57 GMT-0400 (EDT): GET /
Thu Jun 22 2017 14:52:57 GMT-0400 (EDT): GET /css/annotorious.css
Thu Jun 22 2017 14:52:57 GMT-0400 (EDT): GET /annotorious.min.js
Thu Jun 22 2017 14:52:57 GMT-0400 (EDT): GET /images/lake.jpg
Thu Jun 22 2017 14:52:57 GMT-0400 (EDT): GET /css/pencil.png
Thu Jun 22 2017 14:52:57 GMT-0400 (EDT): GET /css/delete.png
Thu Jun 22 2017 14:52:57 GMT-0400 (EDT): GET /css/feather_icon.png
Thu Jun 22 2017 14:53:33 GMT-0400 (EDT): GET /
Thu Jun 22 2017 14:53:33 GMT-0400 (EDT): GET /css/annotorious.css
Thu Jun 22 2017 14:53:33 GMT-0400 (EDT): GET /annotorious.min.js
Thu Jun 22 2017 14:53:33 GMT-0400 (EDT): GET /images/lake.jpg
Thu Jun 22 2017 14:53:33 GMT-0400 (EDT): GET /css/pencil.png
Thu Jun 22 2017 14:53:33 GMT-0400 (EDT): GET /css/delete.png
Thu Jun 22 2017 14:53:33 GMT-0400 (EDT): GET /css/feather_icon.png
Thu Jun 22 2017 14:53:55 GMT-0400 (EDT): GET /
Thu Jun 22 2017 14:53:55 GMT-0400 (EDT): GET /css/annotorious.css
Thu Jun 22 2017 14:53:55 GMT-0400 (EDT): GET /annotorious.min.js
Thu Jun 22 2017 14:53:55 GMT-0400 (EDT): GET /images/lake.jpg
Thu Jun 22 2017 14:53:55 GMT-0400 (EDT): GET /css/pencil.png
Thu Jun 22 2017 14:53:55 GMT-0400 (EDT): GET /css/delete.png
Thu Jun 22 2017 14:53:55 GMT-0400 (EDT): GET /css/feather_icon.png
Thu Jun 22 2017 14:54:05 GMT-0400 (EDT): GET /
Thu Jun 22 2017 14:54:05 GMT-0400 (EDT): GET /css/annotorious.css
Thu Jun 22 2017 14:54:05 GMT-0400 (EDT): GET /annotorious.min.js
Thu Jun 22 2017 14:54:05 GMT-0400 (EDT): GET /images/lake.jpg
Thu Jun 22 2017 14:54:05 GMT-0400 (EDT): GET /css/delete.png
Thu Jun 22 2017 14:54:05 GMT-0400 (EDT): GET /css/pencil.png
Thu Jun 22 2017 14:54:05 GMT-0400 (EDT): GET /css/feather_icon.png
Thu Jun 22 2017 14:54:17 GMT-0400 (EDT): GET /
Thu Jun 22 2017 14:54:17 GMT-0400 (EDT): GET /css/annotorious.css
Thu Jun 22 2017 14:54:17 GMT-0400 (EDT): GET /annotorious.min.js
Thu Jun 22 2017 14:54:17 GMT-0400 (EDT): GET /images/lake.jpg
Thu Jun 22 2017 14:54:17 GMT-0400 (EDT): GET /css/pencil.png
Thu Jun 22 2017 14:54:17 GMT-0400 (EDT): GET /css/delete.png
Thu Jun 22 2017 14:54:17 GMT-0400 (EDT): GET /css/feather_icon.png
Thu Jun 22 2017 14:54:39 GMT-0400 (EDT): GET /
Thu Jun 22 2017 14:54:39 GMT-0400 (EDT): GET /css/annotorious.css
Thu Jun 22 2017 14:54:39 GMT-0400 (EDT): GET /annotorious.min.js
Thu Jun 22 2017 14:54:39 GMT-0400 (EDT): GET /images/lake.jpg
Thu Jun 22 2017 14:54:39 GMT-0400 (EDT): GET /css/pencil.png
Thu Jun 22 2017 14:54:39 GMT-0400 (EDT): GET /css/delete.png
Thu Jun 22 2017 14:54:39 GMT-0400 (EDT): GET /css/feather_icon.png
Thu Jun 22 2017 14:55:03 GMT-0400 (EDT): GET /
Thu Jun 22 2017 14:55:03 GMT-0400 (EDT): GET /css/annotorious.css
Thu Jun 22 2017 14:55:03 GMT-0400 (EDT): GET /annotorious.min.js
Thu Jun 22 2017 14:55:04 GMT-0400 (EDT): GET /images/lake.jpg
Thu Jun 22 2017 14:55:04 GMT-0400 (EDT): GET /css/pencil.png
Thu Jun 22 2017 14:55:04 GMT-0400 (EDT): GET /css/delete.png
Thu Jun 22 2017 14:55:04 GMT-0400 (EDT): GET /css/feather_icon.png
Thu Jun 22 2017 15:15:34 GMT-0400 (EDT): GET /
Thu Jun 22 2017 15:15:34 GMT-0400 (EDT): GET /css/annotorious.css
Thu Jun 22 2017 15:15:34 GMT-0400 (EDT): GET /annotorious.min.js
Thu Jun 22 2017 15:15:34 GMT-0400 (EDT): GET /images/lake.jpg
Thu Jun 22 2017 15:15:34 GMT-0400 (EDT): GET /css/pencil.png
Thu Jun 22 2017 15:15:34 GMT-0400 (EDT): GET /css/delete.png
Thu Jun 22 2017 15:15:34 GMT-0400 (EDT): GET /css/feather_icon.png
Thu Jun 22 2017 15:17:04 GMT-0400 (EDT): GET /css/annotorious.css
Thu Jun 22 2017 15:23:04 GMT-0400 (EDT): GET /
Thu Jun 22 2017 15:23:04 GMT-0400 (EDT): GET /css/annotorious.css
Thu Jun 22 2017 15:23:04 GMT-0400 (EDT): GET /annotorious.min.js
Thu Jun 22 2017 15:23:04 GMT-0400 (EDT): GET /images/lake.jpg
Thu Jun 22 2017 15:23:04 GMT-0400 (EDT): GET /css/pencil.png
Thu Jun 22 2017 15:23:04 GMT-0400 (EDT): GET /css/delete.png
Thu Jun 22 2017 15:23:04 GMT-0400 (EDT): GET /css/feather_icon.png
Thu Jun 22 2017 15:52:20 GMT-0400 (EDT): GET /
Thu Jun 22 2017 15:52:20 GMT-0400 (EDT): GET /css/annotorious.css
Thu Jun 22 2017 15:52:20 GMT-0400 (EDT): GET /annotorious.min.js
Thu Jun 22 2017 15:52:20 GMT-0400 (EDT): GET /images/lake.jpg
Thu Jun 22 2017 15:52:20 GMT-0400 (EDT): GET /css/pencil.png
Thu Jun 22 2017 15:52:20 GMT-0400 (EDT): GET /css/delete.png
Thu Jun 22 2017 15:52:20 GMT-0400 (EDT): GET /css/feather_icon.png
Thu Jun 22 2017 15:52:34 GMT-0400 (EDT): POST /new-annotations
Thu Jun 22 2017 15:53:05 GMT-0400 (EDT): GET /
Thu Jun 22 2017 15:53:05 GMT-0400 (EDT): GET /css/annotorious.css
Thu Jun 22 2017 15:53:05 GMT-0400 (EDT): GET /annotorious.min.js
Thu Jun 22 2017 15:53:05 GMT-0400 (EDT): GET /images/lake.jpg
Thu Jun 22 2017 15:53:05 GMT-0400 (EDT): GET /css/pencil.png
Thu Jun 22 2017 15:53:05 GMT-0400 (EDT): GET /css/delete.png
Thu Jun 22 2017 15:53:05 GMT-0400 (EDT): GET /css/feather_icon.png
Thu Jun 22 2017 15:53:11 GMT-0400 (EDT): POST /new-annotations
Thu Jun 22 2017 15:54:27 GMT-0400 (EDT): GET /
Thu Jun 22 2017 15:54:27 GMT-0400 (EDT): GET /css/annotorious.css
Thu Jun 22 2017 15:54:27 GMT-0400 (EDT): GET /annotorious.min.js
Thu Jun 22 2017 15:54:27 GMT-0400 (EDT): GET /images/lake.jpg
Thu Jun 22 2017 15:54:27 GMT-0400 (EDT): GET /css/pencil.png
Thu Jun 22 2017 15:54:27 GMT-0400 (EDT): GET /css/delete.png
Thu Jun 22 2017 15:54:27 GMT-0400 (EDT): GET /css/feather_icon.png
Thu Jun 22 2017 15:54:35 GMT-0400 (EDT): POST /new-annotations
Thu Jun 22 2017 15:56:35 GMT-0400 (EDT): POST /new-annotations
Thu Jun 22 2017 16:01:34 GMT-0400 (EDT): GET /
Thu Jun 22 2017 16:01:34 GMT-0400 (EDT): GET /css/annotorious.css
Thu Jun 22 2017 16:01:34 GMT-0400 (EDT): GET /annotorious.min.js
Thu Jun 22 2017 16:01:34 GMT-0400 (EDT): GET /images/lake.jpg
Thu Jun 22 2017 16:01:34 GMT-0400 (EDT): GET /css/pencil.png
Thu Jun 22 2017 16:01:34 GMT-0400 (EDT): GET /css/delete.png
Thu Jun 22 2017 16:01:34 GMT-0400 (EDT): GET /css/feather_icon.png
Thu Jun 22 2017 16:01:43 GMT-0400 (EDT): POST /new-annotations
Thu Jun 22 2017 16:03:35 GMT-0400 (EDT): GET /
Thu Jun 22 2017 16:03:35 GMT-0400 (EDT): GET /css/annotorious.css
Thu Jun 22 2017 16:03:35 GMT-0400 (EDT): GET /annotorious.min.js
Thu Jun 22 2017 16:03:35 GMT-0400 (EDT): GET /images/lake.jpg
Thu Jun 22 2017 16:03:35 GMT-0400 (EDT): GET /css/pencil.png
Thu Jun 22 2017 16:03:35 GMT-0400 (EDT): GET /css/delete.png
Thu Jun 22 2017 16:03:35 GMT-0400 (EDT): GET /css/feather_icon.png
Thu Jun 22 2017 16:03:37 GMT-0400 (EDT): POST /new-annotations
Thu Jun 22 2017 16:09:23 GMT-0400 (EDT): GET /
Thu Jun 22 2017 16:09:23 GMT-0400 (EDT): GET /css/annotorious.css
Thu Jun 22 2017 16:09:23 GMT-0400 (EDT): GET /annotorious.min.js
Thu Jun 22 2017 16:09:23 GMT-0400 (EDT): GET /images/lake.jpg
Thu Jun 22 2017 16:09:23 GMT-0400 (EDT): GET /css/pencil.png
Thu Jun 22 2017 16:09:23 GMT-0400 (EDT): GET /css/delete.png
Thu Jun 22 2017 16:09:23 GMT-0400 (EDT): GET /css/feather_icon.png
Thu Jun 22 2017 16:09:26 GMT-0400 (EDT): POST /new-annotations
Thu Jun 22 2017 16:11:26 GMT-0400 (EDT): POST /new-annotations
Thu Jun 22 2017 16:12:49 GMT-0400 (EDT): GET /
Thu Jun 22 2017 16:12:49 GMT-0400 (EDT): GET /css/annotorious.css
Thu Jun 22 2017 16:12:49 GMT-0400 (EDT): GET /annotorious.min.js
Thu Jun 22 2017 16:12:49 GMT-0400 (EDT): GET /images/lake.jpg
Thu Jun 22 2017 16:12:49 GMT-0400 (EDT): GET /css/pencil.png
Thu Jun 22 2017 16:12:49 GMT-0400 (EDT): GET /css/delete.png
Thu Jun 22 2017 16:12:49 GMT-0400 (EDT): GET /css/feather_icon.png
Thu Jun 22 2017 16:12:51 GMT-0400 (EDT): POST /new-annotations
Thu Jun 22 2017 16:14:16 GMT-0400 (EDT): GET /
Thu Jun 22 2017 16:14:16 GMT-0400 (EDT): GET /css/annotorious.css
Thu Jun 22 2017 16:14:16 GMT-0400 (EDT): GET /annotorious.min.js
Thu Jun 22 2017 16:14:16 GMT-0400 (EDT): GET /images/lake.jpg
Thu Jun 22 2017 16:14:16 GMT-0400 (EDT): GET /css/pencil.png
Thu Jun 22 2017 16:14:16 GMT-0400 (EDT): GET /css/delete.png
Thu Jun 22 2017 16:14:16 GMT-0400 (EDT): GET /css/feather_icon.png
Thu Jun 22 2017 16:14:21 GMT-0400 (EDT): POST /new-annotations
Thu Jun 22 2017 16:14:44 GMT-0400 (EDT): GET /
Thu Jun 22 2017 16:14:44 GMT-0400 (EDT): GET /css/annotorious.css
Thu Jun 22 2017 16:14:44 GMT-0400 (EDT): GET /annotorious.min.js
Thu Jun 22 2017 16:14:44 GMT-0400 (EDT): GET /images/lake.jpg
Thu Jun 22 2017 16:14:44 GMT-0400 (EDT): GET /css/pencil.png
Thu Jun 22 2017 16:14:44 GMT-0400 (EDT): GET /css/delete.png
Thu Jun 22 2017 16:14:44 GMT-0400 (EDT): GET /css/feather_icon.png
Thu Jun 22 2017 16:14:45 GMT-0400 (EDT): POST /new-annotations
Thu Jun 22 2017 16:16:45 GMT-0400 (EDT): POST /new-annotations
Thu Jun 22 2017 16:18:34 GMT-0400 (EDT): POST /new-annotations
Thu Jun 22 2017 16:27:01 GMT-0400 (EDT): GET /new-annotations
Thu Jun 22 2017 16:27:42 GMT-0400 (EDT): GET /
Thu Jun 22 2017 16:27:42 GMT-0400 (EDT): GET /css/annotorious.css
Thu Jun 22 2017 16:27:42 GMT-0400 (EDT): GET /annotorious.min.js
Thu Jun 22 2017 16:27:42 GMT-0400 (EDT): GET /images/lake.jpg
Thu Jun 22 2017 16:27:42 GMT-0400 (EDT): GET /css/pencil.png
Thu Jun 22 2017 16:27:42 GMT-0400 (EDT): GET /css/delete.png
Thu Jun 22 2017 16:27:42 GMT-0400 (EDT): GET /css/feather_icon.png
Thu Jun 22 2017 17:14:51 GMT-0400 (EDT): GET /
Thu Jun 22 2017 17:14:51 GMT-0400 (EDT): GET /css/annotorious.css
Thu Jun 22 2017 17:14:51 GMT-0400 (EDT): GET /annotorious.min.js
Thu Jun 22 2017 17:14:51 GMT-0400 (EDT): GET /images/lake.jpg
Thu Jun 22 2017 17:14:51 GMT-0400 (EDT): GET /css/pencil.png
Thu Jun 22 2017 17:14:51 GMT-0400 (EDT): GET /css/delete.png
Thu Jun 22 2017 17:14:51 GMT-0400 (EDT): GET /css/feather_icon.png
Tue Jun 27 2017 13:48:45 GMT-0400 (EDT): GET /
Tue Jun 27 2017 13:48:45 GMT-0400 (EDT): GET /css/annotorious.css
Tue Jun 27 2017 13:48:45 GMT-0400 (EDT): GET /annotorious.min.js
Tue Jun 27 2017 13:48:45 GMT-0400 (EDT): GET /images/lake.jpg
Tue Jun 27 2017 13:48:45 GMT-0400 (EDT): GET /css/pencil.png
Tue Jun 27 2017 13:48:45 GMT-0400 (EDT): GET /css/delete.png
Tue Jun 27 2017 13:48:45 GMT-0400 (EDT): GET /css/feather_icon.png
Tue Jun 27 2017 13:48:45 GMT-0400 (EDT): GET /favicon.ico
Tue Jun 27 2017 13:49:07 GMT-0400 (EDT): POST /new-annotations
Tue Jun 27 2017 13:50:01 GMT-0400 (EDT): GET /css/annotorious.css
Tue Jun 27 2017 13:51:08 GMT-0400 (EDT): POST /new-annotations
Tue Jun 27 2017 13:51:30 GMT-0400 (EDT): GET /
Tue Jun 27 2017 13:51:30 GMT-0400 (EDT): GET /css/annotorious.css
Tue Jun 27 2017 13:51:30 GMT-0400 (EDT): GET /annotorious.min.js
Tue Jun 27 2017 13:51:30 GMT-0400 (EDT): GET /images/lake.jpg
Tue Jun 27 2017 13:51:30 GMT-0400 (EDT): GET /css/pencil.png
Tue Jun 27 2017 13:51:30 GMT-0400 (EDT): GET /css/delete.png
Tue Jun 27 2017 13:51:30 GMT-0400 (EDT): GET /css/feather_icon.png
Tue Jun 27 2017 13:51:42 GMT-0400 (EDT): POST /new-annotations
Tue Jun 27 2017 13:53:42 GMT-0400 (EDT): POST /new-annotations
Tue Jun 27 2017 14:53:48 GMT-0400 (EDT): GET /
Tue Jun 27 2017 14:53:48 GMT-0400 (EDT): GET /css/annotorious.css
Tue Jun 27 2017 14:53:48 GMT-0400 (EDT): GET /annotorious.min.js
Tue Jun 27 2017 14:53:48 GMT-0400 (EDT): GET /css/pencil.png
Tue Jun 27 2017 14:53:48 GMT-0400 (EDT): GET /css/delete.png
Tue Jun 27 2017 14:53:48 GMT-0400 (EDT): GET /css/feather_icon.png
Thu Jun 29 2017 14:54:39 GMT-0400 (EDT): GET /
Thu Jun 29 2017 14:54:39 GMT-0400 (EDT): GET /css/annotorious.css
Thu Jun 29 2017 14:54:39 GMT-0400 (EDT): GET /annotorious.min.js
Thu Jun 29 2017 14:54:39 GMT-0400 (EDT): GET /css/pencil.png
Thu Jun 29 2017 14:54:39 GMT-0400 (EDT): GET /css/delete.png
Thu Jun 29 2017 14:54:39 GMT-0400 (EDT): GET /css/feather_icon.png
Thu Jun 29 2017 14:59:40 GMT-0400 (EDT): GET /
Thu Jun 29 2017 14:59:40 GMT-0400 (EDT): GET /css/annotorious.css
Thu Jun 29 2017 14:59:40 GMT-0400 (EDT): GET /annotorious.min.js
Thu Jun 29 2017 14:59:40 GMT-0400 (EDT): GET /css/pencil.png
Thu Jun 29 2017 14:59:40 GMT-0400 (EDT): GET /css/delete.png
Thu Jun 29 2017 14:59:40 GMT-0400 (EDT): GET /css/feather_icon.png
Thu Jun 29 2017 14:59:42 GMT-0400 (EDT): GET /
Thu Jun 29 2017 14:59:42 GMT-0400 (EDT): GET /css/annotorious.css
Thu Jun 29 2017 14:59:42 GMT-0400 (EDT): GET /annotorious.min.js
Thu Jun 29 2017 14:59:42 GMT-0400 (EDT): GET /css/pencil.png
Thu Jun 29 2017 14:59:42 GMT-0400 (EDT): GET /css/delete.png
Thu Jun 29 2017 14:59:42 GMT-0400 (EDT): GET /css/feather_icon.png
Thu Jun 29 2017 14:59:57 GMT-0400 (EDT): GET /
Thu Jun 29 2017 14:59:57 GMT-0400 (EDT): GET /css/annotorious.css
Thu Jun 29 2017 14:59:57 GMT-0400 (EDT): GET /annotorious.min.js
Thu Jun 29 2017 14:59:57 GMT-0400 (EDT): GET /css/pencil.png
Thu Jun 29 2017 14:59:57 GMT-0400 (EDT): GET /css/delete.png
Thu Jun 29 2017 14:59:57 GMT-0400 (EDT): GET /css/feather_icon.png
Thu Jun 29 2017 15:03:51 GMT-0400 (EDT): GET /
Thu Jun 29 2017 15:03:51 GMT-0400 (EDT): GET /css/annotorious.css
Thu Jun 29 2017 15:03:51 GMT-0400 (EDT): GET /annotorious.min.js
Thu Jun 29 2017 15:03:51 GMT-0400 (EDT): GET /css/pencil.png
Thu Jun 29 2017 15:03:51 GMT-0400 (EDT): GET /css/delete.png
Thu Jun 29 2017 15:03:51 GMT-0400 (EDT): GET /css/feather_icon.png
Thu Jun 29 2017 15:13:48 GMT-0400 (EDT): GET /
Thu Jun 29 2017 15:13:48 GMT-0400 (EDT): GET /css/annotorious.css
Thu Jun 29 2017 15:13:48 GMT-0400 (EDT): GET /annotorious.min.js
Thu Jun 29 2017 15:13:48 GMT-0400 (EDT): GET /css/pencil.png
Thu Jun 29 2017 15:13:48 GMT-0400 (EDT): GET /css/delete.png
Thu Jun 29 2017 15:13:48 GMT-0400 (EDT): GET /css/feather_icon.png
Fri Jun 30 2017 09:57:22 GMT-0400 (EDT): POST /new-annotations
Fri Jun 30 2017 10:22:52 GMT-0400 (EDT): GET /
Fri Jun 30 2017 10:22:52 GMT-0400 (EDT): GET /css/annotorious.css
Fri Jun 30 2017 10:22:52 GMT-0400 (EDT): GET /annotorious.min.js
Fri Jun 30 2017 10:22:52 GMT-0400 (EDT): GET /images/lake.jpg
Fri Jun 30 2017 10:22:52 GMT-0400 (EDT): GET /css/pencil.png
Fri Jun 30 2017 10:22:52 GMT-0400 (EDT): GET /css/delete.png
Fri Jun 30 2017 10:22:52 GMT-0400 (EDT): GET /css/feather_icon.png
Wed Jul 05 2017 11:22:06 GMT-0400 (EDT): GET /
Wed Jul 05 2017 11:22:06 GMT-0400 (EDT): GET /annotorious.min.js
Wed Jul 05 2017 11:22:06 GMT-0400 (EDT): GET /css/annotorious.css
Wed Jul 05 2017 11:22:06 GMT-0400 (EDT): GET /images/lake.jpg
Wed Jul 05 2017 11:22:06 GMT-0400 (EDT): GET /css/pencil.png
Wed Jul 05 2017 11:22:06 GMT-0400 (EDT): GET /css/delete.png
Wed Jul 05 2017 11:22:06 GMT-0400 (EDT): GET /css/feather_icon.png
Wed Jul 05 2017 11:23:33 GMT-0400 (EDT): GET /
Wed Jul 05 2017 11:23:33 GMT-0400 (EDT): GET /css/annotorious.css
Wed Jul 05 2017 11:23:33 GMT-0400 (EDT): GET /annotorious.min.js
Wed Jul 05 2017 11:23:33 GMT-0400 (EDT): GET /css/pencil.png
Wed Jul 05 2017 11:23:33 GMT-0400 (EDT): GET /css/delete.png
Wed Jul 05 2017 11:23:33 GMT-0400 (EDT): GET /css/feather_icon.png
Thu Aug 10 2017 11:44:21 GMT-0400 (EDT): GET /
Thu Aug 10 2017 11:44:21 GMT-0400 (EDT): GET /css/annotorious.css
Thu Aug 10 2017 11:44:21 GMT-0400 (EDT): GET /annotorious.min.js
Thu Aug 10 2017 11:44:21 GMT-0400 (EDT): GET /css/pencil.png
Thu Aug 10 2017 11:44:21 GMT-0400 (EDT): GET /css/delete.png
Thu Aug 10 2017 11:44:21 GMT-0400 (EDT): GET /css/feather_icon.png
Wed Aug 30 2017 10:16:28 GMT-0400 (EDT): GET /
Wed Aug 30 2017 10:16:28 GMT-0400 (EDT): GET /css/annotorious.css
Wed Aug 30 2017 10:16:28 GMT-0400 (EDT): GET /annotorious.min.js
Wed Aug 30 2017 10:16:28 GMT-0400 (EDT): GET /css/pencil.png
Wed Aug 30 2017 10:16:28 GMT-0400 (EDT): GET /css/delete.png
Wed Aug 30 2017 10:16:28 GMT-0400 (EDT): GET /css/feather_icon.png
Wed Aug 30 2017 10:16:28 GMT-0400 (EDT): GET /favicon.ico
Wed Aug 30 2017 10:19:38 GMT-0400 (EDT): GET /
Wed Aug 30 2017 10:20:46 GMT-0400 (EDT): GET /
Wed Aug 30 2017 10:23:24 GMT-0400 (EDT): GET /
Wed Aug 30 2017 10:23:53 GMT-0400 (EDT): GET /
Wed Aug 30 2017 10:23:53 GMT-0400 (EDT): GET /annotorious.css
Wed Aug 30 2017 10:23:53 GMT-0400 (EDT): GET /annotorious.min.js
Wed Aug 30 2017 10:23:53 GMT-0400 (EDT): GET /photos/1.jpg
Wed Aug 30 2017 10:23:54 GMT-0400 (EDT): GET /pencil.png
Wed Aug 30 2017 10:23:54 GMT-0400 (EDT): GET /delete.png
Wed Aug 30 2017 10:23:54 GMT-0400 (EDT): GET /feather_icon.png
Wed Aug 30 2017 10:23:59 GMT-0400 (EDT): GET /images/p4.JPEG
Wed Aug 30 2017 10:24:21 GMT-0400 (EDT): GET /annotorious.css
Wed Aug 30 2017 10:28:51 GMT-0400 (EDT): GET /
Wed Aug 30 2017 10:28:51 GMT-0400 (EDT): GET /label.js
Wed Aug 30 2017 10:28:51 GMT-0400 (EDT): GET /annotorious.css
Wed Aug 30 2017 10:28:51 GMT-0400 (EDT): GET /annotorious.min.js
Wed Aug 30 2017 10:28:51 GMT-0400 (EDT): GET /photos/1.jpg
Wed Aug 30 2017 10:28:51 GMT-0400 (EDT): GET /pencil.png
Wed Aug 30 2017 10:28:51 GMT-0400 (EDT): GET /delete.png
Wed Aug 30 2017 10:28:51 GMT-0400 (EDT): GET /feather_icon.png
Wed Aug 30 2017 10:28:56 GMT-0400 (EDT): GET /images/p4.JPEG
Wed Aug 30 2017 10:29:07 GMT-0400 (EDT): GET /annotorious.css
Wed Aug 30 2017 10:29:24 GMT-0400 (EDT): GET /
Wed Aug 30 2017 10:29:24 GMT-0400 (EDT): GET /annotorious.css
Wed Aug 30 2017 10:29:24 GMT-0400 (EDT): GET /annotorious.min.js
Wed Aug 30 2017 10:29:24 GMT-0400 (EDT): GET /label.js
Wed Aug 30 2017 10:29:24 GMT-0400 (EDT): GET /photos/1.jpg
Wed Aug 30 2017 10:29:24 GMT-0400 (EDT): GET /pencil.png
Wed Aug 30 2017 10:29:24 GMT-0400 (EDT): GET /delete.png
Wed Aug 30 2017 10:29:24 GMT-0400 (EDT): GET /feather_icon.png
Wed Aug 30 2017 10:29:29 GMT-0400 (EDT): GET /images/p4.JPEG
Wed Aug 30 2017 10:29:42 GMT-0400 (EDT): GET /annotorious.css
